\BOOKMARK [1][-]{section.1}{Einleitung}{}% 1
\BOOKMARK [1][-]{section.2}{Allgemeines}{}% 2
\BOOKMARK [2][-]{subsection.2.1}{Ziel\040und\040Zweck\040des\040Dokumentes}{section.2}% 3
\BOOKMARK [2][-]{subsection.2.2}{Ausgangssituation}{section.2}% 4
\BOOKMARK [2][-]{subsection.2.3}{Projektbezug}{section.2}% 5
\BOOKMARK [2][-]{subsection.2.4}{Abkürzungen}{section.2}% 6
\BOOKMARK [2][-]{subsection.2.5}{Teams und Abkürzungen}{section.2}% 7
\BOOKMARK [1][-]{section.3}{Konzept}{}% 8
\BOOKMARK [2][-]{subsection.3.1}{Ziele\040des\040Anbieters}{section.3}% 9
\BOOKMARK [2][-]{subsection.3.2}{Ziele\040und\040Nutzen\040des\040Anwenders}{section.3}% 10
\BOOKMARK [2][-]{subsection.3.3}{Zielgruppe\(n\)}{section.3}% 11
\BOOKMARK [1][-]{section.4}{Anforderungen}{}% 12
\BOOKMARK [2][-]{subsection.4.1}{Funktionale\040Anforderungen}{section.4}% 13
\BOOKMARK [3][-]{subsubsection.4.1.1}{Anforderung\0401}{subsection.4.1}% 14
\BOOKMARK [3][-]{subsubsection.4.1.2}{Anforderung\0402}{subsection.4.1}% 15
\BOOKMARK [3][-]{subsubsection.4.1.3}{Anforderung\0403}{subsection.4.1}% 16
\BOOKMARK [2][-]{subsection.4.2}{Nichtfunktionale\040Anforderungen}{section.4}% 17
\BOOKMARK [2][-]{subsection.4.3}{Allgemeine\040Anforderungen}{section.4}% 18
\BOOKMARK [2][-]{subsection.4.4}{Gesetzliche\040Anforderungen}{section.4}% 19
\BOOKMARK [2][-]{subsection.4.5}{Technische\040Anforderungen}{section.4}% 20
\BOOKMARK [2][-]{subsection.4.6}{[weitere]}{section.4}% 21
\BOOKMARK [1][-]{section.5}{Rahmenbedingungen}{}% 22
\BOOKMARK [2][-]{subsection.5.1}{Zeitplan}{section.5}% 23
\BOOKMARK [2][-]{subsection.5.2}{Technische\040Anforderungen}{section.5}% 24
\BOOKMARK [2][-]{subsection.5.3}{Problemanalyse}{section.5}% 25
\BOOKMARK [2][-]{subsection.5.4}{Qualität}{section.5}% 26
\BOOKMARK [1][-]{section.6}{Liefer-\040und\040Abnahmebedingungen}{}% 27
\BOOKMARK [1][-]{section.7}{Genehmigung}{}% 28
\BOOKMARK [1][-]{section.8}{Anhang}{}% 29
