\BOOKMARK [1][-]{section.1}{Einleitung}{}% 1
\BOOKMARK [1][-]{section.2}{Allgemeines}{}% 2
\BOOKMARK [2][-]{subsection.2.1}{Ziel\040und\040Zweck\040des\040Dokuments}{section.2}% 3
\BOOKMARK [2][-]{subsection.2.2}{Ausgangssituation}{section.2}% 4
\BOOKMARK [2][-]{subsection.2.3}{Projektbezug}{section.2}% 5
\BOOKMARK [2][-]{subsection.2.4}{Abkürzungen}{section.2}% 6
\BOOKMARK [2][-]{subsection.2.5}{Teams und Abkürzungen}{section.2}% 7
\BOOKMARK [1][-]{section.3}{Konzept}{}% 8
\BOOKMARK [2][-]{subsection.3.1}{Ziele\040des\040Anbieters}{section.3}% 9
\BOOKMARK [2][-]{subsection.3.2}{Ziele\040und\040Nutzen\040des\040Anwenders}{section.3}% 10
\BOOKMARK [1][-]{section.4}{Anforderungen}{}% 11
\BOOKMARK [2][-]{subsection.4.1}{Funktionale\040Anforderungen}{section.4}% 12
\BOOKMARK [2][-]{subsection.4.2}{Nichtfunktionale\040Anforderungen}{section.4}% 13
\BOOKMARK [2][-]{subsection.4.3}{Rahmenbedingung}{section.4}% 14
\BOOKMARK [1][-]{section.5}{Zielsetzung}{}% 15
\BOOKMARK [2][-]{subsection.5.1}{Zieldefinition}{section.5}% 16
\BOOKMARK [3][-]{subsubsection.5.1.1}{Systemziele}{subsection.5.1}% 17
\BOOKMARK [3][-]{subsubsection.5.1.2}{Prozessziele}{subsection.5.1}% 18
\BOOKMARK [3][-]{subsubsection.5.1.3}{Mehrwert\040Ziele}{subsection.5.1}% 19
\BOOKMARK [1][-]{section.6}{Genehmigung}{}% 20
\BOOKMARK [1][-]{section.7}{Anhang}{}% 21
